1760873574,,,/mnt/DATA1/GPhotos/왁타버스/데스헤머 쵸로키/데스헤머 쵸로키-poly.mp4,99
1760873588,,,/mnt/DATA1/GPhotos/왁타버스/독고혜지/독고혜지-poly.mp4,79
1760873593,,,/mnt/DATA1/GPhotos/왁타버스/빅토리/빅토리-poly.mp4,73
1760873598,,,/mnt/DATA1/GPhotos/왁타버스/샬롯2/샬롯2-poly.mp4,69
1760894644,,,/mnt/DATA1/GPhotos/아이네 비마이라이트/아이네 비마이라이트-poly.mp4,98
1760922002,,,/home/j/Downloads/2025 ToSaveMankind SQ03_Blowjob.mp4,66
1760922008,,,/home/j/Downloads/Erovirus_2025_ToSaveMankind_SQ02_Handjob_alt.mp4,79
1760923305,,,/mnt/DATA1/private/etc/.s/서새봄/notice/241109-40.mp4,69
1761014829,,,/mnt/DATA1/private/etc/.s/서새봄/stream/241109-40.mp4,69
1761096189,,,/mnt/DATA1/Downloads/SONE-886/hhd800.com@SONE-886.mp4,66
1761187656,,,/mnt/DATA1/GPhotos/Bonkge_Collection_2025-09_Update/2B Lonely Pool.mp4,83
1761187679,,,/mnt/DATA1/GPhotos/Bonkge_Collection_2025-09_Update/2B Domination/2b domination V1.mp4,99
1761187681,,,/mnt/DATA1/GPhotos/Bonkge_Collection_2025-09_Update/2B Domination/2b domination V2.mp4,99
1761187681,,,/mnt/DATA1/GPhotos/Bonkge_Collection_2025-09_Update/2B Domination/2b domination V3.mp4,99
1761187682,,,/mnt/DATA1/GPhotos/Bonkge_Collection_2025-09_Update/Mai Defeated/Bonkge Mai Defeated V1 2025.mp4,109
1761187684,,,/mnt/DATA1/GPhotos/Bonkge_Collection_2025-09_Update/Mai Defeated/Bonkge Mai Defeated V2 2025.mp4,109
1761187692,,,/mnt/DATA1/GPhotos/Bonkge_Collection_2025-09_Update/Mai Defeated/Bonkge Mai Defeated V3 2025.mp4,109
1761187694,,,/mnt/DATA1/GPhotos/Bonkge_Collection_2025-09_Update/Mai Defeated/Bonkge Mai Defeated V4 2025.mp4,109
1761187701,,,/mnt/DATA1/GPhotos/Bonkge_Collection_2025-09_Update/2B Domination/2b domination V1.mp4,99
1761189005,,,/mnt/DATA1/GPhotos/Auxtasy_150-154/147. Gemma facefuck/8 Gemma.mp4,79
1761189011,,,/mnt/DATA1/GPhotos/Auxtasy_150-154/147. Gemma facefuck/9 Gemma (h.265).mp4,87
1761189012,,,/mnt/DATA1/GPhotos/Auxtasy_150-154/147. Gemma facefuck/9 Gemma.mp4,79
1761189074,,,/mnt/DATA1/Downloads/START-404.[4K]@R90s/169bbs.com@START-404_[4K].mkv,83
1761354013,,,/mnt/DATA1/GPhotos/NeonFox_Collection_2025-10_Update/Animations/Tifa x Cloud - Halloween Special.mp4,113
1761354046,,,/mnt/DATA1/GPhotos/NeonFox_Collection_2025-10_Update/Animations/Tifa X Cloud Blowjob.mp4,101
1761399497,,,/mnt/DATA1/Downloads/MIDA-366/hhd800.com@MIDA-366.mp4,66
1761399690,,,/mnt/DATA1/Downloads/MIDA-366/hhd800.com@MIDA-366.mp4,66
1761451350,,,/mnt/DATA1/GPhotos/귀찮아서 안함/아마나츠/아마나츠-poly.mp4,86
1761453177,,,/mnt/DATA1/GPhotos/귀찮아서 안함/아마나츠 플러스/특전 음성/『妄想！？　夢の猫メイドいちゃいちゃハーレム！』.wav,165
1761453651,,,/mnt/DATA1/GPhotos/귀찮아서 안함/아마나츠 플러스/GAME/아마나츠 플러스-poly.mp4,111
1761453654,,,/mnt/DATA1/GPhotos/귀찮아서 안함/아마나츠 플러스/GAME/특전 음성/『妄想！？　夢の猫メイドいちゃいちゃハーレム！』.wav,170
1761454134,,,/mnt/DATA1/GPhotos/귀찮아서 안함/화이트 앨범 2-poly.mp4,79
1761454622,,,/mnt/DATA1/GPhotos/귀찮아서 안함/화이트 앨범 2 special contents/화이트 앨범 2 special contents-poly.mp4,132
1761454626,,,/mnt/DATA1/GPhotos/귀찮아서 안함/화이트 앨범 2-poly.mp4,79
1761456399,,,/home/j/Downloads/Auxtasy_150-154/Auxtasy 147. Gemma facefuck/8 Gemma.mp4,86
1761456418,,,/home/j/Downloads/Auxtasy_150-154/Auxtasy 147. Gemma facefuck/8 Gemma.mp4,86
1761460909,,,/mnt/DATA1/GPhotos/귀찮아서 안함/금빛 러브리체/금빛 러브리체/금빛 러브리체-poly.mp4,120
1761460911,,,/mnt/DATA1/GPhotos/귀찮아서 안함/금빛 러브리체/금빛 러브리체/mov/kinkoi_ed.wmv,109
1761461614,,,/mnt/DATA1/GPhotos/귀찮아서 안함/금빛 러브리체/금빛 러브리체- Golden Time (팬디스크)/금빛 러브리체- Golden Time (팬디스크)-poly.mp4,176
1761654492,,,/mnt/DATA1/GPhotos/징버거/징버거E-poly.mp4,61
1761831228,,,/mnt/DATA1/GPhotos/릴파/릴파, illustrious-poly.mp4,67
1761894912,,,/home/j/Downloads/af8070e9-f379-41db-b9b2-e4464a3ed279/953.mp4,75
1761894913,,,/home/j/Downloads/af8070e9-f379-41db-b9b2-e4464a3ed279/954.jpeg,76
1761968304,,,/mnt/DATA1/GPhotos/Horny_Beetle_2025-10_Halloween_Special_-_Asuka_in_the_Library/Asuka_in_the_Library.mp4,118
1761968342,,,/mnt/DATA1/GPhotos/Horny_Beetle_2025-10_Halloween_Special_-_Asuka_in_the_Library/Other Shots/Asuka_H - Blow.mp4,124
1761970885,,,/mnt/DATA1/GPhotos/StarryJossy/StarryJossy_Collection_2025-06_Update/Animations/2025-01 Power.mp4,110
1761970888,,,/mnt/DATA1/GPhotos/StarryJossy/StarryJossy_Collection_2025-06_Update/Animations/2025-02 Chun Li.mp4,112
1761970889,,,/mnt/DATA1/GPhotos/StarryJossy/StarryJossy_Collection_2025-06_Update/Animations/2025-03 Irelia.mp4,111
1761970892,,,/mnt/DATA1/GPhotos/StarryJossy/StarryJossy_Collection_2025-06_Update/Animations/2025-04 2B.mp4,107
1761970899,,,/mnt/DATA1/GPhotos/StarryJossy/StarryJossy_Collection_2025-06_Update/Animations/2025-06 Eve.mp4,108
1761970905,,,/mnt/DATA1/GPhotos/StarryJossy/StarryJossy_Collection_2025-06_Update/Animations/2025-06 Queen Marika V1.mp4,120
1761970908,,,/mnt/DATA1/GPhotos/StarryJossy/StarryJossy_Collection_2025-06_Update/Animations/2025-06 Queen Marika V2.mp4,120
1761970911,,,/mnt/DATA1/GPhotos/StarryJossy/StarryJossy_Collection_2025-06_Update/Animations/2025-06 Tifa.mp4,109
1761970949,,,/mnt/DATA1/GPhotos/StarryJossy/StarryJossy_Collection_2025-07/emmafrost.mp4,88
1761970950,,,/mnt/DATA1/GPhotos/StarryJossy/StarryJossy_Collection_2025-07/suestormnwm.mp4,90
1761970958,,,/mnt/DATA1/GPhotos/StarryJossy/StarryJossy_Collection_2025-08_-_10/Animations/emma_luna_4K.mp4,107
1761970962,,,/mnt/DATA1/GPhotos/StarryJossy/StarryJossy_Collection_2025-08_-_10/Animations/eve_4k.mp4,101
1761970967,,,/mnt/DATA1/GPhotos/StarryJossy/StarryJossy_Collection_2025-08_-_10/Animations/eve_VIP.mp4,102
1761970971,,,/mnt/DATA1/GPhotos/StarryJossy/StarryJossy_Collection_2025-08_-_10/Animations/hornet_4K.mp4,104
1761970976,,,/mnt/DATA1/GPhotos/StarryJossy/StarryJossy_Collection_2025-08_-_10/Animations/luna snow.mp4,104
1761970981,,,/mnt/DATA1/GPhotos/StarryJossy/StarryJossy_Collection_2025-08_-_10/Animations/rumi_4K.mp4,102
1761970983,,,/mnt/DATA1/GPhotos/StarryJossy/StarryJossy_Collection_2025-08_-_10/Animations/rumi_VIP.mp4,103
1761970984,,,/mnt/DATA1/GPhotos/StarryJossy/StarryJossy_Collection_2025-08_-_10/Animations/suestorm_vip.mp4,107
1761970987,,,/mnt/DATA1/GPhotos/StarryJossy/StarryJossy_Collection_2025-08_-_10/Animations/yorforger.mp4,104
1761971618,,,/mnt/DATA1/GPhotos/InitialA/InitialA 2025-07/7th Commander/7Thcommander Standing.mp4,97
1761971622,,,/mnt/DATA1/GPhotos/InitialA/InitialA 2025-07/7th Commander/Commander Bj Nude.mp4,93
1761971624,,,/mnt/DATA1/GPhotos/InitialA/InitialA 2025-07/7th Commander/Commander Bj.mp4,88
1761971633,,,/mnt/DATA1/GPhotos/InitialA/InitialA 2025-07/JulyXV/july25XV aragenti asseat.mp4,93
1761971636,,,/mnt/DATA1/GPhotos/InitialA/InitialA 2025-07/JulyXV/july25XV aragenti carry.mp4,92
1761971642,,,/mnt/DATA1/GPhotos/InitialA/InitialA 2025-07/Lulu/Lulu Boobjob.mp4,79
1761971646,,,/mnt/DATA1/GPhotos/InitialA/InitialA 2025-07/Lulu/Lulu Boobjob nude.mp4,84
1761971649,,,/mnt/DATA1/GPhotos/InitialA/InitialA 2025-07/Lulu/FFX4Some Missionary.mp4,86
1761971656,,,/mnt/DATA1/GPhotos/InitialA/InitialA 2025-07/Mia/Mia After.mp4,75
1761971662,,,/mnt/DATA1/GPhotos/InitialA/InitialA 2025-07/Mia/Mia Asslift Nude.mp4,82
1761971665,,,/mnt/DATA1/GPhotos/InitialA/InitialA 2025-07/Mia/Mia Asslift.mp4,77
1761971671,,,/mnt/DATA1/GPhotos/InitialA/InitialA 2025-07/Yaana/Yaana Anal.mp4,78
1761971679,,,/mnt/DATA1/GPhotos/InitialA/InitialA 2025-08/AugustXV/Iris Bj.mp4,78
1761971684,,,/mnt/DATA1/GPhotos/InitialA/InitialA 2025-08/AugustXV/Iris Doggy1 nude.mp4,87
1761971684,,,/mnt/DATA1/GPhotos/InitialA/InitialA 2025-08/AugustXV/Iris Doggy1.mp4,82
1761971685,,,/mnt/DATA1/GPhotos/InitialA/InitialA 2025-08/AugustXV/Iris Doggy2 Nude.mp4,87
1761971689,,,/mnt/DATA1/GPhotos/InitialA/InitialA 2025-08/Esther/Esther Carry.mp4,81
1761971691,,,/mnt/DATA1/GPhotos/InitialA/InitialA 2025-08/Esther/Esther Carry2 Nude.mp4,87
1761971694,,,/mnt/DATA1/GPhotos/InitialA/InitialA 2025-08/Gayle/Akeha Gayle Carry.mp4,85
1761971696,,,/mnt/DATA1/GPhotos/InitialA/InitialA 2025-08/Gayle/Gayla Riding Nude.mp4,85
1761971699,,,/mnt/DATA1/GPhotos/InitialA/InitialA 2025-08/Sadu/Sadu Cirina Lap Misisonary.mp4,93
1761971700,,,/mnt/DATA1/GPhotos/InitialA/InitialA 2025-08/Sadu/Sadu Cirina Lick.mp4,83
1761971831,,,/mnt/DATA1/GPhotos/InitialA/InitialA 2025-09/Elena/Elena Choke.mp4,79
1761971833,,,/mnt/DATA1/GPhotos/InitialA/InitialA 2025-09/Elena/Elena Long Nude.mp4,83
1761971833,,,/mnt/DATA1/GPhotos/InitialA/InitialA 2025-09/Elena/Elena Long.mp4,78
1761971838,,,/mnt/DATA1/GPhotos/InitialA/InitialA 2025-09/Larxene/Larxecenkairi Cowgirl Nude.mp4,96
1761971841,,,/mnt/DATA1/GPhotos/InitialA/InitialA 2025-09/SeptXV Aranea/Aranea Sideways poolside.mp4,100
1761971847,,,/mnt/DATA1/GPhotos/InitialA/InitialA 2025-09/Ysayle/Ysayle Bj.mp4,78
1761971848,,,/mnt/DATA1/GPhotos/InitialA/InitialA 2025-09/Ysayle/Ysayle Doggy.mp4,81
1761972502,,,/mnt/DATA1/GPhotos/InitialA/InitialA 2025-10/Oct25 XV animations/Luna doggy.mp4,92
1761972505,,,/mnt/DATA1/GPhotos/InitialA/InitialA 2025-10/Oct25 XV animations/Luna face fuck.mp4,96
1761972506,,,/mnt/DATA1/GPhotos/InitialA/InitialA 2025-10/Oct25 XV animations/Luna Sitting.mp4,94
1761972512,,,/mnt/DATA1/GPhotos/InitialA/InitialA 2025-10/Oct25 XV animations/Trio Petite cumshot.mp4,101
1761972527,,,/mnt/DATA1/GPhotos/InitialA/InitialA 2025-10/Oct25 XV animations/Yluna anal Assup.mp4,98
1761972530,,,/mnt/DATA1/GPhotos/InitialA/InitialA 2025-10/Oct25 XV animations/Yluna Anal Training.mp4,101
1761972531,,,/mnt/DATA1/GPhotos/InitialA/InitialA 2025-10/Oct25 XV animations/Yluna Hj Cumshot Ver.mp4,102
1761972543,,,/mnt/DATA1/GPhotos/InitialA/InitialA 2025-10/Oct25XIV Revisits/Yotsuyu Bj.mp4,90
1761972545,,,/mnt/DATA1/GPhotos/InitialA/InitialA 2025-10/Oct25XIV Revisits/Yotsuyu Riding.mp4,94
1761976454,,,/mnt/DATA1/GPhotos/Maiden_Masher_Collection_2025-10/HonoChako 1K.mp4,81
1761976456,,,/mnt/DATA1/GPhotos/Maiden_Masher_Collection_2025-10/HonoChako 2K - No Male.mp4,91
1761976456,,,/mnt/DATA1/GPhotos/Maiden_Masher_Collection_2025-10/HonoChako 2K.mp4,81
1761976457,,,/mnt/DATA1/GPhotos/Maiden_Masher_Collection_2025-10/Late Night Chun-li 1K.mp4,90
1761976458,,,/mnt/DATA1/GPhotos/Maiden_Masher_Collection_2025-10/Late Night Chun-li 2K.mp4,90
1761976458,,,/mnt/DATA1/GPhotos/Maiden_Masher_Collection_2025-10/Planet Maiden 8K Pin-Up/Honochaco Pin.jpg,106
1761976459,,,/mnt/DATA1/GPhotos/Maiden_Masher_Collection_2025-10/Planet Maiden 8K Pin-Up/Planet Maiden.png,106
1761976467,,,/mnt/DATA1/GPhotos/Miwo3x/01-2bcwg_fq_ws_w.mov.mp4,63
1761976470,,,/mnt/DATA1/GPhotos/Miwo3x/02-2brevc_fq_ws_nw.mov,61
1761976471,,,/mnt/DATA1/GPhotos/Miwo3x/03-2bsolo_fq_ws_nw.mp4,61
1761976473,,,/mnt/DATA1/GPhotos/Miwo3x/04-2b9s_fq_ws_nw.mp4,59
1761976474,,,/mnt/DATA1/GPhotos/Miwo3x/05-32b9s_fq_ws.mp4,57
1761976476,,,/mnt/DATA1/GPhotos/Miwo3x/05-32b9s_fq_ws_nomale.mp4,64
1761976495,,,/mnt/DATA1/GPhotos/Spizzy_2025-10_Marie_06/MarieRose6.mp4,70
1761976510,,,/mnt/DATA1/GPhotos/Spizzy_2025-10_Marie_06/MarieRose6Vertical.mp4,78
1761976528,,,/mnt/DATA1/GPhotos/Spizzy_2025-10_Marie_06/MarieRose6Vertical.mp4,78
1761976530,,,/mnt/DATA1/GPhotos/Spizzy_2025-10_Marie_06/MarieRose6Alt1.mp4,74
1761976536,,,/mnt/DATA1/GPhotos/Spizzy_2025-10_Marie_06/MarieRose6Alt2.mp4,74
1761976537,,,/mnt/DATA1/GPhotos/Spizzy_2025-10_Marie_06/MarieRose6Alt3.mp4,74
1761976538,,,/mnt/DATA1/GPhotos/Spizzy_2025-10_Marie_06/MarieRose6Alt4.mp4,74
1761976538,,,/mnt/DATA1/GPhotos/Spizzy_2025-10_Marie_06/MarieRose6Alt5.mp4,74
1761976539,,,/mnt/DATA1/GPhotos/Spizzy_2025-10_Marie_06/MarieRose6Alt6.mp4,74
1761976542,,,/mnt/DATA1/GPhotos/Spizzy_2025-10_Marie_06/MarieRose6Alt7.mp4,74
1761976542,,,/mnt/DATA1/GPhotos/Spizzy_2025-10_Marie_06/MarieRose6Alt8.mp4,74
1762013807,,,/mnt/DATA1/GPhotos/Hebi/Hebi, illustrious-poly.mp4,63
1762059194,,,/mnt/DATA1/GPhotos/주미호 2025 주미호 포니테일/주미호 2025 주미호 포니테일-poly.mp4,116
1762090295,,,/mnt/DATA1/GPhotos/릴파 천사 드레스/릴파 천사 드레스-poly.mp4,88
1762131515,,,/mnt/DATA1/GPhotos/vtubers/Hebi, illustrious-poly.mp4,66
1762172848,,,/mnt/DATA1/Downloads/SONE-817.[4K]@R90s/169bbs.com@SONE-817_[4K].mkv,81
1762220714,,,/mnt/DATA1/GPhotos/Bouquetman/2025-06/MarieRose_FullNelson_goth_NW.mp4,83
1762220716,,,/mnt/DATA1/GPhotos/Bouquetman/2025-06/MarieRose_FullNelson_gyaru_NW.mp4,84
1762220716,,,/mnt/DATA1/GPhotos/Bouquetman/2025-06/MarieRose_FullNelson_NW.mp4,78
1762220716,,,/mnt/DATA1/GPhotos/Bouquetman/2025-06/Yukino_CowgirlNew_dsm_NW.mp4,79
1762220717,,,/mnt/DATA1/GPhotos/Bouquetman/2025-06/Yukino_CowgirlNew_NW.mp4,75
1762220720,,,/mnt/DATA1/GPhotos/Bouquetman/2025-07/Asuka_x_futaLili_PoolBJ_NW.mp4,81
1762220728,,,/mnt/DATA1/GPhotos/Bouquetman/2025-07/Helldivers_Paizuri_NW.mp4,76
1762220729,,,/mnt/DATA1/GPhotos/Bouquetman/2025-07/Sorceress_SummonDicksGangBang_choco_NW.mp4,93
1762220733,,,/mnt/DATA1/GPhotos/Bouquetman/2025-08/Marika_Pronebone_dsm_NW.mp4,78
1762220735,,,/mnt/DATA1/GPhotos/Bouquetman/2025-08/Marika_Pronebone_NW.mp4,74
1762220736,,,/mnt/DATA1/GPhotos/Bouquetman/2025-08/Yorha_Threesome_dsm_NW.mp4,77
1762220737,,,/mnt/DATA1/GPhotos/Bouquetman/2025-08/Yorha_Threesome_NW.mp4,73
1762220737,,,/mnt/DATA1/GPhotos/Bouquetman/2025-08/Yorha_Threesome_P_NW.mp4,75
1762220738,,,/mnt/DATA1/GPhotos/Bouquetman/2025-08/ZZZ_Jane_FutaDoggystyle_dsf_NW.mp4,85
1762220738,,,/mnt/DATA1/GPhotos/Bouquetman/2025-08/ZZZ_Jane_FutaDoggystyle_NW.mp4,81
1762220742,,,/mnt/DATA1/GPhotos/Bouquetman/2025-09/Honoka_Paizuri_NW.mp4,72
1762220743,,,/mnt/DATA1/GPhotos/Bouquetman/2025-09/Sayuri_ReverseCowgirl_dsm_NW.mp4,83
1762220743,,,/mnt/DATA1/GPhotos/Bouquetman/2025-09/Sayuri_ReverseCowgirl_NW.mp4,79
1762220746,,,/mnt/DATA1/GPhotos/Bouquetman/2025-10/Eliza_Halloween25_NW.mp4,75
1762220746,,,/mnt/DATA1/GPhotos/Bouquetman/2025-10/Momiji_Halloween25_dsm_NW.mp4,80
1762220747,,,/mnt/DATA1/GPhotos/Bouquetman/2025-10/Momiji_Halloween25_NW.mp4,76
1762220747,,,/mnt/DATA1/GPhotos/Bouquetman/2025-10/Nyotengu_Halloween25_dsm_NW.mp4,82
1762220748,,,/mnt/DATA1/GPhotos/Bouquetman/2025-10/Nyotengu_Halloween25_NW.mp4,78
